<?xml version="1.0" encoding="UTF-8"?>
<!-- Generated by org.testng.reporters.JUnitReportReporter -->
<testsuite skipped="0" hostname="BLRL76901" name="com.autoton.Testcases.APIDemo" tests="1" failures="0" timestamp="20 Aug 2019 07:08:09 GMT" time="30.807" errors="0">
  <testcase name="validateGetResponse" time="30.807" classname="com.autoton.Testcases.APIDemo"/>
</testsuite> <!-- com.autoton.Testcases.APIDemo -->
