<?xml version="1.0" encoding="UTF-8"?>
<!-- Generated by org.testng.reporters.JUnitReportReporter -->
<testsuite skipped="0" hostname="BLRL78988" name="com.autoton.Testcases.AppiumDemo" tests="1" failures="0" timestamp="19 Aug 2019 15:30:49 GMT" time="444.655" errors="0">
  <testcase name="apiDemoTest" time="444.655" classname="com.autoton.Testcases.AppiumDemo"/>
</testsuite> <!-- com.autoton.Testcases.AppiumDemo -->
